[2023-07-17 00:02:50] INFO root fetch - main [MainThread]: Get Changelog since Serial: [18909671]
[2023-07-17 00:02:55] INFO root fetch - main [MainThread]: Found 4 changed packages
[2023-07-17 00:02:55] INFO root fetch - processPackages [ThreadPoolExecutor-0_0]: Start processing: porkbun-api
[2023-07-17 00:02:55] INFO root fetch - processPackages [ThreadPoolExecutor-0_1]: Start processing: aicodebot
[2023-07-17 00:02:55] INFO root fetch - processPackages [ThreadPoolExecutor-0_2]: Start processing: zoho-client-django
[2023-07-17 00:02:55] INFO root fetch - processPackages [ThreadPoolExecutor-0_3]: Start processing: loci-ai
[2023-07-17 00:02:55] INFO root fetch - processPackages [aicodebot]: New version: [0.9.6] Old Version: [0.9.5]
[2023-07-17 00:02:55] INFO root fetch - processPackages [zoho-client-django]: New version: [1.1.0] Old Version: [1.0.0]
[2023-07-17 00:02:55] WARNING root fetch - processPackages [loci-ai]: Skipping, unable to determine old version
[2023-07-17 00:02:55] INFO root fetch - main [MainThread]: End processing [loci-ai] error
[2023-07-17 00:02:55] WARNING root fetch - processPackages [porkbun-api]: Skipping, unable to determine old version
[2023-07-17 00:02:55] INFO root fetch - main [MainThread]: End processing [porkbun-api] error
[2023-07-17 00:02:55] INFO root fetch - processPackages [aicodebot]: Downloading https://files.pythonhosted.org/packages/de/93/5893654a616bad8ecf7cff940e452492ff5cadede0c121a0b836015603f8/aicodebot-0.9.5.tar.gz
[2023-07-17 00:02:55] INFO root fetch - processPackages [zoho-client-django]: Downloading https://files.pythonhosted.org/packages/25/fa/e09b9f04f294ae87206c6bf925dc287fc4b385ba7e1f9289f8a54713c89b/zoho-client-django-1.0.0.tar.gz
[2023-07-17 00:02:55] INFO root fetch - processPackages [aicodebot]: Downloading https://files.pythonhosted.org/packages/f0/54/b7976dc18a7bd9ee80ceff88ce124d243c375fa58db5ebe25e50df423f49/aicodebot-0.9.6.tar.gz
[2023-07-17 00:02:55] INFO root fetch - processPackages [aicodebot]: executing diffoscope
[2023-07-17 00:02:55] INFO root fetch - processPackages [aicodebot]: podman run --user 0:0 --rm -w /home/abi/fetcher -v /home/abi/fetcher/tmp:/home/abi/fetcher/tmp:ro -v /home/abi/fetcher/20230717:/home/abi/fetcher/20230717:rw registry.salsa.debian.org/reproducible-builds/diffoscope --no-progress tmp/aicodebot-0.9.5.tar.gz tmp/aicodebot-0.9.6.tar.gz --markdown 20230717/a/aicodebot/0.9.5-0.9.6/diff.md --exclude *.pyd
[2023-07-17 00:02:55] INFO root fetch - processPackages [zoho-client-django]: Downloading https://files.pythonhosted.org/packages/f3/d8/b5e06a712469d0df45e22114742ea2d1da6f3e3dfed79fe9328b27860b3e/zoho-client-django-1.1.0.tar.gz
[2023-07-17 00:02:56] INFO root fetch - processPackages [zoho-client-django]: executing diffoscope
[2023-07-17 00:02:56] INFO root fetch - processPackages [zoho-client-django]: podman run --user 0:0 --rm -w /home/abi/fetcher -v /home/abi/fetcher/tmp:/home/abi/fetcher/tmp:ro -v /home/abi/fetcher/20230717:/home/abi/fetcher/20230717:rw registry.salsa.debian.org/reproducible-builds/diffoscope --no-progress tmp/zoho-client-django-1.0.0.tar.gz tmp/zoho-client-django-1.1.0.tar.gz --markdown 20230717/z/zoho-client-django/1.0.0-1.1.0/diff.md --exclude *.pyd
[2023-07-17 00:02:57] INFO root fetch - processPackages [zoho-client-django]: Remove: archive file [/home/abi/fetcher/tmp/zoho-client-django-1.0.0.tar.gz]
[2023-07-17 00:02:57] INFO root fetch - processPackages [zoho-client-django]: Remove: archive file [/home/abi/fetcher/tmp/zoho-client-django-1.1.0.tar.gz]
[2023-07-17 00:02:57] INFO root fetch - main [MainThread]: End processing [zoho-client-django]: success
[2023-07-17 00:02:57] INFO root fetch - processPackages [aicodebot]: Remove: archive file [/home/abi/fetcher/tmp/aicodebot-0.9.5.tar.gz]
[2023-07-17 00:02:57] INFO root fetch - processPackages [aicodebot]: Remove: archive file [/home/abi/fetcher/tmp/aicodebot-0.9.6.tar.gz]
[2023-07-17 00:02:57] INFO root fetch - main [MainThread]: End processing [aicodebot]: success
[2023-07-17 00:02:57] INFO root fetch - main [MainThread]: Store serial: [18909686]
[2023-07-17 00:08:00] INFO root fetch - main [MainThread]: Get Changelog since Serial: [18909686]
[2023-07-17 00:08:05] INFO root fetch - main [MainThread]: Found 5 changed packages
[2023-07-17 00:08:05] INFO root fetch - processPackages [ThreadPoolExecutor-0_0]: Start processing: spam-analyzer
[2023-07-17 00:08:05] INFO root fetch - processPackages [ThreadPoolExecutor-0_1]: Start processing: textframe
[2023-07-17 00:08:05] INFO root fetch - processPackages [ThreadPoolExecutor-0_2]: Start processing: livecellx
[2023-07-17 00:08:05] INFO root fetch - processPackages [ThreadPoolExecutor-0_3]: Start processing: cdxbasics
[2023-07-17 00:08:05] INFO root fetch - processPackages [ThreadPoolExecutor-0_4]: Start processing: torchdrug
[2023-07-17 00:08:05] WARNING root fetch - processPackages [livecellx]: Skipping, unable to determine old version
[2023-07-17 00:08:05] INFO root fetch - main [MainThread]: End processing [livecellx] error
[2023-07-17 00:08:05] INFO root fetch - processPackages [spam-analyzer]: New version: [1.1.2] Old Version: [0.1.2]
[2023-07-17 00:08:05] WARNING root fetch - processPackages [textframe]: Skipping, unable to determine old version
[2023-07-17 00:08:05] INFO root fetch - main [MainThread]: End processing [textframe] error
[2023-07-17 00:08:05] INFO root fetch - processPackages [torchdrug]: New version: [0.2.1] Old Version: [0.2.0.post1]
[2023-07-17 00:08:05] INFO root fetch - processPackages [cdxbasics]: New version: [0.2.9] Old Version: [0.2.8]
[2023-07-17 00:08:05] INFO root fetch - processPackages [cdxbasics]: Downloading https://files.pythonhosted.org/packages/44/bf/adf4351223f4cd638d1bb79229170666b0915f3adf1e0e9189ee6769224f/cdxbasics-0.2.8.tar.gz
[2023-07-17 00:08:05] INFO root fetch - processPackages [spam-analyzer]: Downloading https://files.pythonhosted.org/packages/7b/dd/cbe1f0ea0f4b3a7d29255483fad48a7d3429ec0e20c41c8a072333329af4/spam-analyzer-0.1.2.tar.gz
[2023-07-17 00:08:05] WARNING root fetch - processPackages [spam-analyzer]: Skipping package: exceeds size limit 11365477>=10485760
[2023-07-17 00:08:05] INFO root fetch - main [MainThread]: End processing [spam-analyzer] error
[2023-07-17 00:08:05] INFO root fetch - processPackages [torchdrug]: Downloading https://files.pythonhosted.org/packages/2e/6f/bc2c2a1acc3d24a8869cdae2f87be54ee758b7cf2c70a389862b187060d3/torchdrug-0.2.0.post1-py3-none-any.whl
[2023-07-17 00:08:05] INFO root fetch - processPackages [cdxbasics]: Downloading https://files.pythonhosted.org/packages/70/b4/020ddadf0e041dbe964c3ee126f0ced6d699d6a5c6d0e256f1e532782902/cdxbasics-0.2.9.tar.gz
[2023-07-17 00:08:06] INFO root fetch - processPackages [cdxbasics]: executing diffoscope
[2023-07-17 00:08:06] INFO root fetch - processPackages [cdxbasics]: podman run --user 0:0 --rm -w /home/abi/fetcher -v /home/abi/fetcher/tmp:/home/abi/fetcher/tmp:ro -v /home/abi/fetcher/20230717:/home/abi/fetcher/20230717:rw registry.salsa.debian.org/reproducible-builds/diffoscope --no-progress tmp/cdxbasics-0.2.8.tar.gz tmp/cdxbasics-0.2.9.tar.gz --markdown 20230717/c/cdxbasics/0.2.8-0.2.9/diff.md --exclude *.pyd
[2023-07-17 00:08:06] INFO root fetch - processPackages [torchdrug]: Downloading https://files.pythonhosted.org/packages/ea/29/5e1a14d7765106f38b4962c9d2c05210fe7b3ba14985d9c4e9b9b6a59ef0/torchdrug-0.2.1-py3-none-any.whl
[2023-07-17 00:08:06] INFO root fetch - processPackages [torchdrug]: executing diffoscope
[2023-07-17 00:08:06] INFO root fetch - processPackages [torchdrug]: podman run --user 0:0 --rm -w /home/abi/fetcher -v /home/abi/fetcher/tmp:/home/abi/fetcher/tmp:ro -v /home/abi/fetcher/20230717:/home/abi/fetcher/20230717:rw registry.salsa.debian.org/reproducible-builds/diffoscope --no-progress tmp/torchdrug-0.2.0.post1-py3-none-any.whl.zip tmp/torchdrug-0.2.1-py3-none-any.whl.zip --markdown 20230717/t/torchdrug/0.2.0.post1-0.2.1/diff.md --exclude *.pyd
[2023-07-17 00:08:06] INFO root fetch - processPackages [cdxbasics]: Remove: archive file [/home/abi/fetcher/tmp/cdxbasics-0.2.8.tar.gz]
[2023-07-17 00:08:06] INFO root fetch - processPackages [cdxbasics]: Remove: archive file [/home/abi/fetcher/tmp/cdxbasics-0.2.9.tar.gz]
[2023-07-17 00:08:06] INFO root fetch - main [MainThread]: End processing [cdxbasics]: success
[2023-07-17 00:08:07] INFO root fetch - processPackages [torchdrug]: Remove: archive file [/home/abi/fetcher/tmp/torchdrug-0.2.0.post1-py3-none-any.whl.zip]
[2023-07-17 00:08:07] INFO root fetch - processPackages [torchdrug]: Remove: archive file [/home/abi/fetcher/tmp/torchdrug-0.2.1-py3-none-any.whl.zip]
[2023-07-17 00:08:07] INFO root fetch - main [MainThread]: End processing [torchdrug]: success
[2023-07-17 00:08:07] INFO root fetch - main [MainThread]: Store serial: [18909705]
[2023-07-17 00:13:11] INFO root fetch - main [MainThread]: Get Changelog since Serial: [18909705]
[2023-07-17 00:13:16] INFO root fetch - main [MainThread]: Found 3 changed packages
[2023-07-17 00:13:16] INFO root fetch - processPackages [ThreadPoolExecutor-0_0]: Start processing: idlerich
[2023-07-17 00:13:16] INFO root fetch - processPackages [ThreadPoolExecutor-0_1]: Start processing: hdlib
[2023-07-17 00:13:16] INFO root fetch - processPackages [ThreadPoolExecutor-0_2]: Start processing: soundevent
[2023-07-17 00:13:16] INFO root fetch - processPackages [soundevent]: New version: [0.4.0] Old Version: [0.3.0]
[2023-07-17 00:13:16] INFO root fetch - processPackages [idlerich]: New version: [0.3.0] Old Version: [0.2.1]
[2023-07-17 00:13:16] INFO root fetch - processPackages [hdlib]: New version: [0.1.9] Old Version: [0.1.8]
[2023-07-17 00:13:16] INFO root fetch - processPackages [idlerich]: Downloading https://files.pythonhosted.org/packages/07/d6/cb1ecf2dcaa540c62b517d1f3e60a38c0b069cbc9a04f89d654b806fe1c5/idlerich-0.2.1.tar.gz
[2023-07-17 00:13:16] INFO root fetch - processPackages [hdlib]: Downloading https://files.pythonhosted.org/packages/6a/d4/78124a57a16f28b81c29ebadb1d944da4036a6dfe15f864cb83f92734536/hdlib-0.1.8.tar.gz
[2023-07-17 00:13:16] INFO root fetch - processPackages [soundevent]: Downloading https://files.pythonhosted.org/packages/0a/ad/0dc31e4ea0253116ecb73e5bfdc5c0c1f6afe63c39f9daf98e40ccc64b0d/soundevent-0.3.0.tar.gz
[2023-07-17 00:13:16] INFO root fetch - processPackages [idlerich]: Downloading https://files.pythonhosted.org/packages/e7/e7/f83a283ad6ec866edd35f7fc911094795e0c8115f303188e45e9ff5e0613/idlerich-0.3.0.tar.gz
[2023-07-17 00:13:16] INFO root fetch - processPackages [soundevent]: Downloading https://files.pythonhosted.org/packages/c3/a5/9ed50719bd0dc9bf8d13feaf10d707f0fafcc8296073b2d7a5fd1f6a27cd/soundevent-0.4.0.tar.gz
[2023-07-17 00:13:17] INFO root fetch - processPackages [hdlib]: Downloading https://files.pythonhosted.org/packages/a0/38/971d00b524e637ed6f7130b8f9a857bc0a94cebacafc90fd971fe43c10c9/hdlib-0.1.9.tar.gz
[2023-07-17 00:13:17] INFO root fetch - processPackages [idlerich]: executing diffoscope
[2023-07-17 00:13:17] INFO root fetch - processPackages [idlerich]: podman run --user 0:0 --rm -w /home/abi/fetcher -v /home/abi/fetcher/tmp:/home/abi/fetcher/tmp:ro -v /home/abi/fetcher/20230717:/home/abi/fetcher/20230717:rw registry.salsa.debian.org/reproducible-builds/diffoscope --no-progress tmp/idlerich-0.2.1.tar.gz tmp/idlerich-0.3.0.tar.gz --markdown 20230717/i/idlerich/0.2.1-0.3.0/diff.md --exclude *.pyd
[2023-07-17 00:13:17] INFO root fetch - processPackages [soundevent]: executing diffoscope
[2023-07-17 00:13:17] INFO root fetch - processPackages [soundevent]: podman run --user 0:0 --rm -w /home/abi/fetcher -v /home/abi/fetcher/tmp:/home/abi/fetcher/tmp:ro -v /home/abi/fetcher/20230717:/home/abi/fetcher/20230717:rw registry.salsa.debian.org/reproducible-builds/diffoscope --no-progress tmp/soundevent-0.3.0.tar.gz tmp/soundevent-0.4.0.tar.gz --markdown 20230717/s/soundevent/0.3.0-0.4.0/diff.md --exclude *.pyd
[2023-07-17 00:13:17] INFO root fetch - processPackages [hdlib]: executing diffoscope
[2023-07-17 00:13:17] INFO root fetch - processPackages [hdlib]: podman run --user 0:0 --rm -w /home/abi/fetcher -v /home/abi/fetcher/tmp:/home/abi/fetcher/tmp:ro -v /home/abi/fetcher/20230717:/home/abi/fetcher/20230717:rw registry.salsa.debian.org/reproducible-builds/diffoscope --no-progress tmp/hdlib-0.1.8.tar.gz tmp/hdlib-0.1.9.tar.gz --markdown 20230717/h/hdlib/0.1.8-0.1.9/diff.md --exclude *.pyd
[2023-07-17 00:13:17] INFO root fetch - processPackages [idlerich]: Remove: archive file [/home/abi/fetcher/tmp/idlerich-0.2.1.tar.gz]
[2023-07-17 00:13:17] INFO root fetch - processPackages [idlerich]: Remove: archive file [/home/abi/fetcher/tmp/idlerich-0.3.0.tar.gz]
[2023-07-17 00:13:17] INFO root fetch - main [MainThread]: End processing [idlerich]: success
[2023-07-17 00:13:17] INFO root fetch - processPackages [hdlib]: Remove: archive file [/home/abi/fetcher/tmp/hdlib-0.1.8.tar.gz]
[2023-07-17 00:13:17] INFO root fetch - processPackages [hdlib]: Remove: archive file [/home/abi/fetcher/tmp/hdlib-0.1.9.tar.gz]
[2023-07-17 00:13:17] INFO root fetch - main [MainThread]: End processing [hdlib]: success
[2023-07-17 00:13:18] INFO root fetch - processPackages [soundevent]: Remove: archive file [/home/abi/fetcher/tmp/soundevent-0.3.0.tar.gz]
[2023-07-17 00:13:18] INFO root fetch - processPackages [soundevent]: Remove: archive file [/home/abi/fetcher/tmp/soundevent-0.4.0.tar.gz]
[2023-07-17 00:13:18] INFO root fetch - main [MainThread]: End processing [soundevent]: success
[2023-07-17 00:13:18] INFO root fetch - main [MainThread]: Store serial: [18909713]
